# JRE version: OpenJDK Runtime Environment (19.0.1+10) (build 19.0.1+10-21)
# Java VM: OpenJDK 64-Bit Server VM (19.0.1+10-21, mixed mode, sharing, tiered, compressed oops, compressed class ptrs, g1 gc, windows-amd64)
GC Precious Log:
 CardTable entry size: 512
 Card Set container configuration: InlinePtr #cards 5 size 8 Array Of Cards #cards 12 size 40 Howl #buckets 4 coarsen threshold 1843 Howl Bitmap #cards 512 size 80 coarsen threshold 460 Card regions per heap region 1 cards per card region 2048
 CPUs: 8 total, 8 available
 Memory: 7914M
 Large Page Support: Disabled
 NUMA Support: Disabled
 Compressed Oops: Enabled (32-bit)
 Heap Region Size: 1M
 Heap Min Capacity: 8M
 Heap Initial Capacity: 124M
 Heap Max Capacity: 1980M
 Pre-touch: Disabled
 Parallel Workers: 8
 Concurrent Workers: 2
 Concurrent Refinement Workers: 8
 Periodic GC: Disabled
Heap:
 garbage-first heap   total 88064K, used 29419K [0x0000000084400000, 0x0000000100000000)
  region size 1024K, 19 young (19456K), 3 survivors (3072K)
 Metaspace       used 34795K, committed 35328K, reserved 1114112K
  class space    used 4196K, committed 4480K, reserved 1048576K
GC Heap History (12 events):
Event: 0.776 GC heap before
{Heap before GC invocations=0 (full 0):
 garbage-first heap   total 126976K, used 23552K [0x0000000084400000, 0x0000000100000000)
  region size 1024K, 23 young (23552K), 0 survivors (0K)
 Metaspace       used 7163K, committed 7424K, reserved 1114112K
  class space    used 835K, committed 960K, reserved 1048576K
}
Event: 0.785 GC heap after
{Heap after GC invocations=1 (full 0):
 garbage-first heap   total 126976K, used 4804K [0x0000000084400000, 0x0000000100000000)
  region size 1024K, 3 young (3072K), 3 survivors (3072K)
 Metaspace       used 7163K, committed 7424K, reserved 1114112K
  class space    used 835K, committed 960K, reserved 1048576K
}
Event: 1.203 GC heap before
{Heap before GC invocations=1 (full 0):
 garbage-first heap   total 126976K, used 34500K [0x0000000084400000, 0x0000000100000000)
  region size 1024K, 33 young (33792K), 3 survivors (3072K)
 Metaspace       used 15191K, committed 15488K, reserved 1114112K
  class space    used 1792K, committed 1920K, reserved 1048576K
}
Event: 1.218 GC heap after
{Heap after GC invocations=2 (full 0):
 garbage-first heap   total 126976K, used 7374K [0x0000000084400000, 0x0000000100000000)
  region size 1024K, 3 young (3072K), 3 survivors (3072K)
 Metaspace       used 15191K, committed 15488K, reserved 1114112K
  class space    used 1792K, committed 1920K, reserved 1048576K
}
Event: 2.012 GC heap before
{Heap before GC invocations=2 (full 0):
 garbage-first heap   total 126976K, used 39118K [0x0000000084400000, 0x0000000100000000)
  region size 1024K, 36 young (36864K), 3 survivors (3072K)
 Metaspace       used 21104K, committed 21504K, reserved 1114112K
  class space    used 2570K, committed 2752K, reserved 1048576K
}
Event: 2.026 GC heap after
{Heap after GC invocations=3 (full 0):
 garbage-first heap   total 126976K, used 10406K [0x0000000084400000, 0x0000000100000000)
  region size 1024K, 6 young (6144K), 6 survivors (6144K)
 Metaspace       used 21104K, committed 21504K, reserved 1114112K
  class space    used 2570K, committed 2752K, reserved 1048576K
}
Event: 2.530 GC heap before
{Heap before GC invocations=4 (full 0):
 garbage-first heap   total 45056K, used 30886K [0x0000000084400000, 0x0000000100000000)
  region size 1024K, 26 young (26624K), 6 survivors (6144K)
 Metaspace       used 25992K, committed 26496K, reserved 1114112K
  class space    used 3162K, committed 3392K, reserved 1048576K
}
Event: 2.538 GC heap after
{Heap after GC invocations=5 (full 0):
 garbage-first heap   total 45056K, used 12986K [0x0000000084400000, 0x0000000100000000)
  region size 1024K, 3 young (3072K), 3 survivors (3072K)
 Metaspace       used 25992K, committed 26496K, reserved 1114112K
  class space    used 3162K, committed 3392K, reserved 1048576K
}
Event: 2.549 GC heap before
{Heap before GC invocations=5 (full 0):
 garbage-first heap   total 45056K, used 14010K [0x0000000084400000, 0x0000000100000000)
  region size 1024K, 4 young (4096K), 3 survivors (3072K)
 Metaspace       used 26059K, committed 26560K, reserved 1114112K
  class space    used 3176K, committed 3392K, reserved 1048576K
}
Event: 2.553 GC heap after
{Heap after GC invocations=6 (full 0):
 garbage-first heap   total 45056K, used 13293K [0x0000000084400000, 0x0000000100000000)
  region size 1024K, 1 young (1024K), 1 survivors (1024K)
 Metaspace       used 26059K, committed 26560K, reserved 1114112K
  class space    used 3176K, committed 3392K, reserved 1048576K
}
Event: 11.599 GC heap before
{Heap before GC invocations=6 (full 0):
 garbage-first heap   total 45056K, used 30701K [0x0000000084400000, 0x0000000100000000)
  region size 1024K, 19 young (19456K), 1 survivors (1024K)
 Metaspace       used 31614K, committed 32128K, reserved 1114112K
  class space    used 3845K, committed 4096K, reserved 1048576K
}
Event: 11.604 GC heap after
{Heap after GC invocations=7 (full 0):
 garbage-first heap   total 88064K, used 15083K [0x0000000084400000, 0x0000000100000000)
  region size 1024K, 3 young (3072K), 3 survivors (3072K)
 Metaspace       used 31614K, committed 32128K, reserved 1114112K
  class space    used 3845K, committed 4096K, reserved 1048576K
}

